<?xml version="1.0" encoding="UTF-8"?>
<!-- Generated by org.testng.reporters.JUnitXMLReporter -->
<testsuite ignored="0" hostname="DESKTOP-O037IOL" failures="0" tests="4" name="Test" time="55.871" errors="0" timestamp="22 Nov 2023 00:12:17 GMT">
  <testcase classname="com.screenshot.recording.ScreenRecordingTestCase" name="navigationTest" time="4.941"/>
  <testcase classname="com.screenshot.recording.rediff_test_scenarios_screenshots" name="clickOnSignInLink" time="6.945"/>
  <testcase classname="com.screenshot.recording.rediff_test_scenarios_screenshots" name="enterCredentials" time="8.397"/>
  <testcase classname="com.screenshot.recording.rediff_test_scenarios_screenshots" name="clickOnSignInButton" time="13.218"/>
</testsuite> <!-- Test -->
