<?xml version="1.0" encoding="UTF-8"?>
<!-- Generated by org.testng.reporters.JUnitXMLReporter -->
<testsuite ignored="0" hostname="DESKTOP-O037IOL" failures="0" tests="4" name="Test" time="62.295" errors="0" timestamp="22 Nov 2023 21:30:30 GMT">
  <testcase classname="com.screenshot.recording.ScreenRecordingTestCase" name="navigationTest" time="5.343"/>
  <testcase classname="com.screenshot.recording.rediff_test_scenarios_screenshots" name="clickOnSignInLink" time="5.183"/>
  <testcase classname="com.screenshot.recording.rediff_test_scenarios_screenshots" name="enterCredentials" time="12.531"/>
  <testcase classname="com.screenshot.recording.rediff_test_scenarios_screenshots" name="clickOnSignInButton" time="16.0"/>
</testsuite> <!-- Test -->
