<?xml version="1.0" encoding="UTF-8"?>
<!-- Generated by org.testng.reporters.JUnitXMLReporter -->
<testsuite ignored="0" hostname="DESKTOP-O037IOL" failures="0" tests="2" name="Rediff Para Test" time="32.352" errors="0" timestamp="22 Nov 2023 21:05:15 GMT">
  <testcase classname="com.parametrization.Rediff_Parametrization" name="rediffLogin" time="14.854"/>
  <testcase classname="com.parametrization.Rediff_Parametrization" name="rediffLogout" time="16.796"/>
</testsuite> <!-- Rediff Para Test -->
