<?xml version="1.0" encoding="UTF-8"?>
<!-- Generated by org.testng.reporters.JUnitXMLReporter -->
<testsuite ignored="0" hostname="DESKTOP-O037IOL" failures="0" tests="2" name="Rediff Para Test" time="41.871" errors="0" timestamp="2023-11-22T22:57:43 MST">
  <testcase classname="com.parametrization.Rediff_Parametrization" name="rediffLogin" time="19.983"/>
  <testcase classname="com.parametrization.Rediff_Parametrization" name="rediffLogout" time="20.7"/>
</testsuite> <!-- Rediff Para Test -->
