<?xml version="1.0" encoding="UTF-8"?>
<!-- Generated by org.testng.reporters.JUnitXMLReporter -->
<testsuite ignored="0" hostname="DESKTOP-O037IOL" failures="0" tests="4" name="Test" time="61.665" errors="0" timestamp="2023-11-22T14:26:16 MST">
  <testcase classname="com.screenshot.recording.rediff_test_scenarios_screenshots" name="clickOnSignInLink" time="6.39"/>
  <testcase classname="com.screenshot.recording.rediff_test_scenarios_screenshots" name="enterCredentials" time="4.609"/>
  <testcase classname="com.screenshot.recording.rediff_test_scenarios_screenshots" name="clickOnSignInButton" time="20.898"/>
  <testcase classname="com.screenshot.recording.ScreenRecordingTestCase" name="navigationTest" time="7.68"/>
</testsuite> <!-- Test -->
