<?xml version="1.0" encoding="UTF-8"?>
<!-- Generated by org.testng.reporters.JUnitXMLReporter -->
<testsuite ignored="0" hostname="DESKTOP-O037IOL" failures="0" tests="4" name="Test" time="51.429" errors="0" timestamp="2023-11-22T19:07:28 MST">
  <testcase classname="com.screenshot.recording.rediff_test_scenarios_screenshots" name="clickOnSignInLink" time="4.304"/>
  <testcase classname="com.screenshot.recording.rediff_test_scenarios_screenshots" name="enterCredentials" time="6.834"/>
  <testcase classname="com.screenshot.recording.rediff_test_scenarios_screenshots" name="clickOnSignInButton" time="13.75"/>
  <testcase classname="com.screenshot.recording.ScreenRecordingTestCase" name="navigationTest" time="5.3"/>
</testsuite> <!-- Test -->
