<?xml version="1.0" encoding="UTF-8"?>
<testsuite xmlns:xsi="http://www.w3.org/2001/XMLSchema-instance" xsi:noNamespaceSchemaLocation="https://maven.apache.org/surefire/maven-surefire-plugin/xsd/surefire-test-report-3.0.xsd" version="3.0" name="TestSuite" time="164.517" tests="7" errors="0" skipped="0" failures="2">
  <properties>
[...]
</properties>
  <testcase name="rediffLogin[chrome, https://mail.rediff.com/cgi-bin/login.cgi, seleniumpanda@rediffmail.com, Selenium@123, login1, password](1)" classname="com.parametrization.Rediff_Parametrization" time="17.943">
    <system-out><![CDATA[19:04:44.290 [main] DEBUG org.testng.TestNG - suiteXmlPath: "C:\Users\er_ta\eclipse-workspace\July_2023\testng_Rediff_Para.xml"
19:04:44.385 [main] DEBUG org.testng.TestNG - suiteXmlPath: "C:\Users\er_ta\eclipse-workspace\July_2023\testng_rediff_screenshots.xml"
19:04:44.523 [main] DEBUG org.testng.internal.Graph - [Graph] ADDING NODE Rediff_Parametrization.tearDown(org.testng.ITestResult)[pri:0, instance:null] 1723801455
19:04:44.523 [main] DEBUG org.testng.internal.Graph - [Graph] ================ SORTING
19:04:44.526 [main] DEBUG org.testng.internal.Graph - [Graph] =============== DONE SORTING
19:04:44.526 [main] DEBUG org.testng.internal.Graph - [Graph] ====== SORTED NODES
19:04:44.526 [main] DEBUG org.testng.internal.Graph - [Graph] ====== END SORTED NODES
19:04:44.529 [main] DEBUG org.testng.internal.Graph - [Graph] ADDING NODE Rediff_Parametrization.rediffLogin(java.lang.String,java.lang.String,java.lang.String,java.lang.String,java.lang.String,java.lang.String)[pri:1, instance:com.parametrization.Rediff_Parametrization@e4487af] 956889899
19:04:44.529 [main] DEBUG org.testng.internal.Graph - [Graph] ADDING NODE Rediff_Parametrization.rediffLogout(java.lang.String,java.lang.String,java.lang.String,java.lang.String,java.lang.String,java.lang.String)[pri:2, instance:com.parametrization.Rediff_Parametrization@e4487af] 805013786
19:04:44.529 [main] DEBUG org.testng.internal.Graph - [Graph] ================ SORTING
19:04:44.531 [main] DEBUG org.testng.internal.Graph - [Graph] =============== DONE SORTING
19:04:44.531 [main] DEBUG org.testng.internal.Graph - [Graph] ====== SORTED NODES
19:04:44.531 [main] DEBUG org.testng.internal.Graph - [Graph] ====== END SORTED NODES
19:04:44.548 [main] DEBUG org.testng.internal.Graph - [Graph] ADDING NODE rediff_test_scenarios_screenshots.openUrl()[pri:0, instance:null] 1691802901
19:04:44.548 [main] DEBUG org.testng.internal.Graph - [Graph] ================ SORTING
19:04:44.548 [main] DEBUG org.testng.internal.Graph - [Graph] =============== DONE SORTING
19:04:44.548 [main] DEBUG org.testng.internal.Graph - [Graph] ====== SORTED NODES
19:04:44.548 [main] DEBUG org.testng.internal.Graph - [Graph] ====== END SORTED NODES
19:04:44.549 [main] DEBUG org.testng.internal.Graph - [Graph] ADDING NODE rediff_test_scenarios_screenshots.tearDown(org.testng.ITestResult)[pri:0, instance:null] 1286147126
19:04:44.549 [main] DEBUG org.testng.internal.Graph - [Graph] ================ SORTING
19:04:44.549 [main] DEBUG org.testng.internal.Graph - [Graph] =============== DONE SORTING
19:04:44.549 [main] DEBUG org.testng.internal.Graph - [Graph] ====== SORTED NODES
19:04:44.549 [main] DEBUG org.testng.internal.Graph - [Graph] ====== END SORTED NODES
19:04:44.550 [main] DEBUG org.testng.internal.Graph - [Graph] ADDING NODE ScreenRecordingTestCase.setup()[pri:0, instance:null] -1299217647
19:04:44.550 [main] DEBUG org.testng.internal.Graph - [Graph] ================ SORTING
19:04:44.550 [main] DEBUG org.testng.internal.Graph - [Graph] =============== DONE SORTING
19:04:44.550 [main] DEBUG org.testng.internal.Graph - [Graph] ====== SORTED NODES
19:04:44.550 [main] DEBUG org.testng.internal.Graph - [Graph] ====== END SORTED NODES
19:04:44.551 [main] DEBUG org.testng.internal.Graph - [Graph] ADDING NODE ScreenRecordingTestCase.tearDown(org.testng.ITestResult)[pri:0, instance:null] 683762378
19:04:44.551 [main] DEBUG org.testng.internal.Graph - [Graph] ================ SORTING
19:04:44.551 [main] DEBUG org.testng.internal.Graph - [Graph] =============== DONE SORTING
19:04:44.551 [main] DEBUG org.testng.internal.Graph - [Graph] ====== SORTED NODES
19:04:44.551 [main] DEBUG org.testng.internal.Graph - [Graph] ====== END SORTED NODES
19:04:44.551 [main] DEBUG org.testng.internal.Graph - [Graph] ADDING NODE rediff_test_scenarios_screenshots.clickOnSignInButton()[pri:3, instance:com.screenshot.recording.rediff_test_scenarios_screenshots@8317c52] -1403146613
19:04:44.552 [main] DEBUG org.testng.internal.Graph - [Graph] ADDING NODE rediff_test_scenarios_screenshots.clickOnSignInLink()[pri:1, instance:com.screenshot.recording.rediff_test_scenarios_screenshots@8317c52] 2109579299
19:04:44.552 [main] DEBUG org.testng.internal.Graph - [Graph] ADDING NODE rediff_test_scenarios_screenshots.enterCredentials()[pri:2, instance:com.screenshot.recording.rediff_test_scenarios_screenshots@8317c52] -1650684996
19:04:44.552 [main] DEBUG org.testng.internal.Graph - [Graph] ADDING NODE ScreenRecordingTestCase.navigationTest()[pri:0, instance:com.screenshot.recording.ScreenRecordingTestCase@76f2bbc1] 2145232985
19:04:44.552 [main] DEBUG org.testng.internal.Graph - [Graph] ================ SORTING
19:04:44.554 [main] DEBUG org.testng.internal.Graph - [Graph] =============== DONE SORTING
19:04:44.554 [main] DEBUG org.testng.internal.Graph - [Graph] ====== SORTED NODES
19:04:44.554 [main] DEBUG org.testng.internal.Graph - [Graph] ====== END SORTED NODES
]]></system-out>
  </testcase>
  <testcase name="rediffLogout[chrome, https://mail.rediff.com/cgi-bin/login.cgi, seleniumpanda@rediffmail.com, Selenium@123, login1, password](1)" classname="com.parametrization.Rediff_Parametrization" time="93.293">
    <failure message="unknown error: cannot determine loading status&#10;from disconnected: unable to send message to renderer&#10;  (Session info: chrome=119.0.6045.160)&#10;Build info: version: &apos;4.15.0&apos;, revision: &apos;1d14b5521b&apos;&#10;System info: os.name: &apos;Windows 11&apos;, os.arch: &apos;amd64&apos;, os.version: &apos;10.0&apos;, java.version: &apos;18.0.2.1&apos;&#10;Driver info: org.openqa.selenium.chrome.ChromeDriver&#10;Command: [411d24e0129dc8ba2fcb338a09c1b027, clickElement {id=5A6F329222720EBEC554F1F571EFF33D_element_66}]&#10;Capabilities {acceptInsecureCerts: false, browserName: chrome, browserVersion: 119.0.6045.160, chrome: {chromedriverVersion: 119.0.6045.105 (38c72552c5e..., userDataDir: C:\Users\er_ta\AppData\Loca...}, fedcm:accounts: true, goog:chromeOptions: {debuggerAddress: localhost:50959}, networkConnectionEnabled: false, pageLoadStrategy: normal, platformName: windows, proxy: Proxy(), se:cdp: ws://localhost:50959/devtoo..., se:cdpVersion: 119.0.6045.160, setWindowRect: true, strictFileInteractability: false, timeouts: {implicit: 0, pageLoad: 300000, script: 30000}, unhandledPromptBehavior: dismiss and notify, webauthn:extension:credBlob: true, webauthn:extension:largeBlob: true, webauthn:extension:minPinLength: true, webauthn:extension:prf: true, webauthn:virtualAuthenticators: true}&#10;Element: [[ChromeDriver: chrome on windows (411d24e0129dc8ba2fcb338a09c1b027)] -&gt; link text: Logout]&#10;Session ID: 411d24e0129dc8ba2fcb338a09c1b027" type="org.openqa.selenium.WebDriverException"><![CDATA[org.openqa.selenium.WebDriverException: 
unknown error: cannot determine loading status
from disconnected: unable to send message to renderer
  (Session info: chrome=119.0.6045.160)
Build info: version: '4.15.0', revision: '1d14b5521b'
System info: os.name: 'Windows 11', os.arch: 'amd64', os.version: '10.0', java.version: '18.0.2.1'
Driver info: org.openqa.selenium.chrome.ChromeDriver
Command: [411d24e0129dc8ba2fcb338a09c1b027, clickElement {id=5A6F329222720EBEC554F1F571EFF33D_element_66}]
Capabilities {acceptInsecureCerts: false, browserName: chrome, browserVersion: 119.0.6045.160, chrome: {chromedriverVersion: 119.0.6045.105 (38c72552c5e..., userDataDir: C:\Users\er_ta\AppData\Loca...}, fedcm:accounts: true, goog:chromeOptions: {debuggerAddress: localhost:50959}, networkConnectionEnabled: false, pageLoadStrategy: normal, platformName: windows, proxy: Proxy(), se:cdp: ws://localhost:50959/devtoo..., se:cdpVersion: 119.0.6045.160, setWindowRect: true, strictFileInteractability: false, timeouts: {implicit: 0, pageLoad: 300000, script: 30000}, unhandledPromptBehavior: dismiss and notify, webauthn:extension:credBlob: true, webauthn:extension:largeBlob: true, webauthn:extension:minPinLength: true, webauthn:extension:prf: true, webauthn:virtualAuthenticators: true}
Element: [[ChromeDriver: chrome on windows (411d24e0129dc8ba2fcb338a09c1b027)] -> link text: Logout]
Session ID: 411d24e0129dc8ba2fcb338a09c1b027
	at java.base/jdk.internal.reflect.DirectConstructorHandleAccessor.newInstance(DirectConstructorHandleAccessor.java:67)
	at java.base/java.lang.reflect.Constructor.newInstanceWithCaller(Constructor.java:499)
	at java.base/java.lang.reflect.Constructor.newInstance(Constructor.java:483)
	at org.openqa.selenium.remote.codec.w3c.W3CHttpResponseCodec.createException(W3CHttpResponseCodec.java:200)
	at org.openqa.selenium.remote.codec.w3c.W3CHttpResponseCodec.decode(W3CHttpResponseCodec.java:133)
	at org.openqa.selenium.remote.codec.w3c.W3CHttpResponseCodec.decode(W3CHttpResponseCodec.java:52)
	at org.openqa.selenium.remote.HttpCommandExecutor.execute(HttpCommandExecutor.java:191)
	at org.openqa.selenium.remote.service.DriverCommandExecutor.invokeExecute(DriverCommandExecutor.java:200)
	at org.openqa.selenium.remote.service.DriverCommandExecutor.execute(DriverCommandExecutor.java:175)
	at org.openqa.selenium.remote.RemoteWebDriver.execute(RemoteWebDriver.java:607)
	at org.openqa.selenium.remote.RemoteWebElement.execute(RemoteWebElement.java:224)
	at org.openqa.selenium.remote.RemoteWebElement.click(RemoteWebElement.java:77)
	at com.parametrization.Rediff_Parametrization.rediffLogout(Rediff_Parametrization.java:54)
	at java.base/jdk.internal.reflect.DirectMethodHandleAccessor.invoke(DirectMethodHandleAccessor.java:104)
	at java.base/java.lang.reflect.Method.invoke(Method.java:577)
	at org.testng.internal.invokers.MethodInvocationHelper.invokeMethod(MethodInvocationHelper.java:139)
	at org.testng.internal.invokers.TestInvoker.invokeMethod(TestInvoker.java:677)
	at org.testng.internal.invokers.TestInvoker.invokeTestMethod(TestInvoker.java:221)
	at org.testng.internal.invokers.MethodRunner.runInSequence(MethodRunner.java:50)
	at org.testng.internal.invokers.TestInvoker$MethodInvocationAgent.invoke(TestInvoker.java:962)
	at org.testng.internal.invokers.TestInvoker.invokeTestMethods(TestInvoker.java:194)
	at org.testng.internal.invokers.TestMethodWorker.invokeTestMethods(TestMethodWorker.java:148)
	at org.testng.internal.invokers.TestMethodWorker.run(TestMethodWorker.java:128)
	at java.base/java.util.ArrayList.forEach(ArrayList.java:1511)
	at org.testng.TestRunner.privateRun(TestRunner.java:806)
	at org.testng.TestRunner.run(TestRunner.java:601)
	at org.testng.SuiteRunner.runTest(SuiteRunner.java:433)
	at org.testng.SuiteRunner.runSequentially(SuiteRunner.java:427)
	at org.testng.SuiteRunner.privateRun(SuiteRunner.java:387)
	at org.testng.SuiteRunner.run(SuiteRunner.java:330)
	at org.testng.SuiteRunnerWorker.runSuite(SuiteRunnerWorker.java:52)
	at org.testng.SuiteRunnerWorker.run(SuiteRunnerWorker.java:95)
	at org.testng.TestNG.runSuitesSequentially(TestNG.java:1256)
	at org.testng.TestNG.runSuitesLocally(TestNG.java:1176)
	at org.testng.TestNG.runSuites(TestNG.java:1099)
	at org.testng.TestNG.run(TestNG.java:1067)
	at org.apache.maven.surefire.testng.TestNGExecutor.run(TestNGExecutor.java:308)
	at org.apache.maven.surefire.testng.TestNGXmlTestSuite.execute(TestNGXmlTestSuite.java:71)
	at org.apache.maven.surefire.testng.TestNGProvider.invoke(TestNGProvider.java:113)
	at org.apache.maven.surefire.booter.ForkedBooter.runSuitesInProcess(ForkedBooter.java:385)
	at org.apache.maven.surefire.booter.ForkedBooter.execute(ForkedBooter.java:162)
	at org.apache.maven.surefire.booter.ForkedBooter.run(ForkedBooter.java:507)
	at org.apache.maven.surefire.booter.ForkedBooter.main(ForkedBooter.java:495)
]]></failure>
  </testcase>
  <testcase name="tearDown[[TestResult name=rediffLogout status=FAILURE method=Rediff_Parametrization.rediffLogout(java.lang.String,java.lang.String,java.lang.String,java.lang.String,java.lang.String,java.lang.String)[pri:2, instance:com.parametrization.Rediff_Parametrization@e4487af] output={null}]](0)" classname="com.parametrization.Rediff_Parametrization" time="93.298">
    <failure message="disconnected: not connected to DevTools&#10;  (failed to check if window was closed: disconnected: not connected to DevTools)&#10;  (Session info: chrome=119.0.6045.160)&#10;Build info: version: &apos;4.15.0&apos;, revision: &apos;1d14b5521b&apos;&#10;System info: os.name: &apos;Windows 11&apos;, os.arch: &apos;amd64&apos;, os.version: &apos;10.0&apos;, java.version: &apos;18.0.2.1&apos;&#10;Driver info: org.openqa.selenium.chrome.ChromeDriver&#10;Command: [411d24e0129dc8ba2fcb338a09c1b027, screenshot {}]&#10;Capabilities {acceptInsecureCerts: false, browserName: chrome, browserVersion: 119.0.6045.160, chrome: {chromedriverVersion: 119.0.6045.105 (38c72552c5e..., userDataDir: C:\Users\er_ta\AppData\Loca...}, fedcm:accounts: true, goog:chromeOptions: {debuggerAddress: localhost:50959}, networkConnectionEnabled: false, pageLoadStrategy: normal, platformName: windows, proxy: Proxy(), se:cdp: ws://localhost:50959/devtoo..., se:cdpVersion: 119.0.6045.160, setWindowRect: true, strictFileInteractability: false, timeouts: {implicit: 0, pageLoad: 300000, script: 30000}, unhandledPromptBehavior: dismiss and notify, webauthn:extension:credBlob: true, webauthn:extension:largeBlob: true, webauthn:extension:minPinLength: true, webauthn:extension:prf: true, webauthn:virtualAuthenticators: true}&#10;Session ID: 411d24e0129dc8ba2fcb338a09c1b027" type="org.openqa.selenium.WebDriverException"><![CDATA[org.openqa.selenium.WebDriverException: 
disconnected: not connected to DevTools
  (failed to check if window was closed: disconnected: not connected to DevTools)
  (Session info: chrome=119.0.6045.160)
Build info: version: '4.15.0', revision: '1d14b5521b'
System info: os.name: 'Windows 11', os.arch: 'amd64', os.version: '10.0', java.version: '18.0.2.1'
Driver info: org.openqa.selenium.chrome.ChromeDriver
Command: [411d24e0129dc8ba2fcb338a09c1b027, screenshot {}]
Capabilities {acceptInsecureCerts: false, browserName: chrome, browserVersion: 119.0.6045.160, chrome: {chromedriverVersion: 119.0.6045.105 (38c72552c5e..., userDataDir: C:\Users\er_ta\AppData\Loca...}, fedcm:accounts: true, goog:chromeOptions: {debuggerAddress: localhost:50959}, networkConnectionEnabled: false, pageLoadStrategy: normal, platformName: windows, proxy: Proxy(), se:cdp: ws://localhost:50959/devtoo..., se:cdpVersion: 119.0.6045.160, setWindowRect: true, strictFileInteractability: false, timeouts: {implicit: 0, pageLoad: 300000, script: 30000}, unhandledPromptBehavior: dismiss and notify, webauthn:extension:credBlob: true, webauthn:extension:largeBlob: true, webauthn:extension:minPinLength: true, webauthn:extension:prf: true, webauthn:virtualAuthenticators: true}
Session ID: 411d24e0129dc8ba2fcb338a09c1b027
	at java.base/jdk.internal.reflect.DirectConstructorHandleAccessor.newInstance(DirectConstructorHandleAccessor.java:67)
	at java.base/java.lang.reflect.Constructor.newInstanceWithCaller(Constructor.java:499)
	at java.base/java.lang.reflect.Constructor.newInstance(Constructor.java:483)
	at org.openqa.selenium.remote.codec.w3c.W3CHttpResponseCodec.createException(W3CHttpResponseCodec.java:200)
	at org.openqa.selenium.remote.codec.w3c.W3CHttpResponseCodec.decode(W3CHttpResponseCodec.java:133)
	at org.openqa.selenium.remote.codec.w3c.W3CHttpResponseCodec.decode(W3CHttpResponseCodec.java:52)
	at org.openqa.selenium.remote.HttpCommandExecutor.execute(HttpCommandExecutor.java:191)
	at org.openqa.selenium.remote.service.DriverCommandExecutor.invokeExecute(DriverCommandExecutor.java:200)
	at org.openqa.selenium.remote.service.DriverCommandExecutor.execute(DriverCommandExecutor.java:175)
	at org.openqa.selenium.remote.RemoteWebDriver.execute(RemoteWebDriver.java:607)
	at org.openqa.selenium.remote.RemoteWebDriver.execute(RemoteWebDriver.java:680)
	at org.openqa.selenium.remote.RemoteWebDriver.execute(RemoteWebDriver.java:684)
	at org.openqa.selenium.remote.RemoteWebDriver.getScreenshotAs(RemoteWebDriver.java:330)
	at com.parametrization.Rediff_Parametrization.tearDown(Rediff_Parametrization.java:59)
	at java.base/jdk.internal.reflect.DirectMethodHandleAccessor.invoke(DirectMethodHandleAccessor.java:104)
	at java.base/java.lang.reflect.Method.invoke(Method.java:577)
	at org.testng.internal.invokers.MethodInvocationHelper.invokeMethod(MethodInvocationHelper.java:139)
	at org.testng.internal.invokers.MethodInvocationHelper.invokeMethodConsideringTimeout(MethodInvocationHelper.java:69)
	at org.testng.internal.invokers.ConfigInvoker.invokeConfigurationMethod(ConfigInvoker.java:361)
	at org.testng.internal.invokers.ConfigInvoker.invokeConfigurations(ConfigInvoker.java:296)
	at org.testng.internal.invokers.TestInvoker.runConfigMethods(TestInvoker.java:816)
	at org.testng.internal.invokers.TestInvoker.runAfterConfigurations(TestInvoker.java:785)
	at org.testng.internal.invokers.TestInvoker.invokeMethod(TestInvoker.java:761)
	at org.testng.internal.invokers.TestInvoker.invokeTestMethod(TestInvoker.java:221)
	at org.testng.internal.invokers.MethodRunner.runInSequence(MethodRunner.java:50)
	at org.testng.internal.invokers.TestInvoker$MethodInvocationAgent.invoke(TestInvoker.java:962)
	at org.testng.internal.invokers.TestInvoker.invokeTestMethods(TestInvoker.java:194)
	at org.testng.internal.invokers.TestMethodWorker.invokeTestMethods(TestMethodWorker.java:148)
	at org.testng.internal.invokers.TestMethodWorker.run(TestMethodWorker.java:128)
	at java.base/java.util.ArrayList.forEach(ArrayList.java:1511)
	at org.testng.TestRunner.privateRun(TestRunner.java:806)
	at org.testng.TestRunner.run(TestRunner.java:601)
	at org.testng.SuiteRunner.runTest(SuiteRunner.java:433)
	at org.testng.SuiteRunner.runSequentially(SuiteRunner.java:427)
	at org.testng.SuiteRunner.privateRun(SuiteRunner.java:387)
	at org.testng.SuiteRunner.run(SuiteRunner.java:330)
	at org.testng.SuiteRunnerWorker.runSuite(SuiteRunnerWorker.java:52)
	at org.testng.SuiteRunnerWorker.run(SuiteRunnerWorker.java:95)
	at org.testng.TestNG.runSuitesSequentially(TestNG.java:1256)
	at org.testng.TestNG.runSuitesLocally(TestNG.java:1176)
	at org.testng.TestNG.runSuites(TestNG.java:1099)
	at org.testng.TestNG.run(TestNG.java:1067)
	at org.apache.maven.surefire.testng.TestNGExecutor.run(TestNGExecutor.java:308)
	at org.apache.maven.surefire.testng.TestNGXmlTestSuite.execute(TestNGXmlTestSuite.java:71)
	at org.apache.maven.surefire.testng.TestNGProvider.invoke(TestNGProvider.java:113)
	at org.apache.maven.surefire.booter.ForkedBooter.runSuitesInProcess(ForkedBooter.java:385)
	at org.apache.maven.surefire.booter.ForkedBooter.execute(ForkedBooter.java:162)
	at org.apache.maven.surefire.booter.ForkedBooter.run(ForkedBooter.java:507)
	at org.apache.maven.surefire.booter.ForkedBooter.main(ForkedBooter.java:495)
]]></failure>
  </testcase>
  <testcase name="clickOnSignInLink" classname="com.screenshot.recording.rediff_test_scenarios_screenshots" time="4.303"/>
  <testcase name="enterCredentials" classname="com.screenshot.recording.rediff_test_scenarios_screenshots" time="6.832"/>
  <testcase name="clickOnSignInButton" classname="com.screenshot.recording.rediff_test_scenarios_screenshots" time="13.749"/>
  <testcase name="navigationTest" classname="com.screenshot.recording.ScreenRecordingTestCase" time="5.301"/>
</testsuite>