<?xml version="1.0" encoding="UTF-8"?>
<!-- Generated by org.testng.reporters.JUnitXMLReporter -->
<testsuite ignored="0" hostname="DESKTOP-O037IOL" failures="1" tests="2" name="Rediff Para Test" time="112.195" errors="0" timestamp="2023-11-22T19:06:36 MST">
  <testcase classname="com.parametrization.Rediff_Parametrization" name="@AfterMethod tearDown" time="0.004">
    <failure type="org.openqa.selenium.WebDriverException" message="disconnected: not connected to DevTools
  (failed to check if window was closed: disconnected: not connected to DevTools)
  (Session info: chrome=119.0.6045.160)
Build info: version: &amp;apos;4.15.0&amp;apos;, revision: &amp;apos;1d14b5521b&amp;apos;
System info: os.name: &amp;apos;Windows 11&amp;apos;, os.arch: &amp;apos;amd64&amp;apos;, os.version: &amp;apos;10.0&amp;apos;, java.version: &amp;apos;18.0.2.1&amp;apos;
Driver info: org.openqa.selenium.chrome.ChromeDriver
Command: [411d24e0129dc8ba2fcb338a09c1b027, screenshot {}]
Capabilities {acceptInsecureCerts: false, browserName: chrome, browserVersion: 119.0.6045.160, chrome: {chromedriverVersion: 119.0.6045.105 (38c72552c5e..., userDataDir: C:\Users\er_ta\AppData\Loca...}, fedcm:accounts: true, goog:chromeOptions: {debuggerAddress: localhost:50959}, networkConnectionEnabled: false, pageLoadStrategy: normal, platformName: windows, proxy: Proxy(), se:cdp: ws://localhost:50959/devtoo..., se:cdpVersion: 119.0.6045.160, setWindowRect: true, strictFileInteractability: false, timeouts: {implicit: 0, pageLoad: 300000, script: 30000}, unhandledPromptBehavior: dismiss and notify, webauthn:extension:credBlob: true, webauthn:extension:largeBlob: true, webauthn:extension:minPinLength: true, webauthn:extension:prf: true, webauthn:virtualAuthenticators: true}
Session ID: 411d24e0129dc8ba2fcb338a09c1b027">
      <![CDATA[org.openqa.selenium.WebDriverException: disconnected: not connected to DevTools
  (failed to check if window was closed: disconnected: not connected to DevTools)
  (Session info: chrome=119.0.6045.160)
Build info: version: '4.15.0', revision: '1d14b5521b'
System info: os.name: 'Windows 11', os.arch: 'amd64', os.version: '10.0', java.version: '18.0.2.1'
Driver info: org.openqa.selenium.chrome.ChromeDriver
Command: [411d24e0129dc8ba2fcb338a09c1b027, screenshot {}]
Capabilities {acceptInsecureCerts: false, browserName: chrome, browserVersion: 119.0.6045.160, chrome: {chromedriverVersion: 119.0.6045.105 (38c72552c5e..., userDataDir: C:\Users\er_ta\AppData\Loca...}, fedcm:accounts: true, goog:chromeOptions: {debuggerAddress: localhost:50959}, networkConnectionEnabled: false, pageLoadStrategy: normal, platformName: windows, proxy: Proxy(), se:cdp: ws://localhost:50959/devtoo..., se:cdpVersion: 119.0.6045.160, setWindowRect: true, strictFileInteractability: false, timeouts: {implicit: 0, pageLoad: 300000, script: 30000}, unhandledPromptBehavior: dismiss and notify, webauthn:extension:credBlob: true, webauthn:extension:largeBlob: true, webauthn:extension:minPinLength: true, webauthn:extension:prf: true, webauthn:virtualAuthenticators: true}
Session ID: 411d24e0129dc8ba2fcb338a09c1b027
at org.openqa.selenium.remote.codec.w3c.W3CHttpResponseCodec.createException(W3CHttpResponseCodec.java:200)
at org.openqa.selenium.remote.codec.w3c.W3CHttpResponseCodec.decode(W3CHttpResponseCodec.java:133)
at org.openqa.selenium.remote.codec.w3c.W3CHttpResponseCodec.decode(W3CHttpResponseCodec.java:52)
at org.openqa.selenium.remote.HttpCommandExecutor.execute(HttpCommandExecutor.java:191)
at org.openqa.selenium.remote.service.DriverCommandExecutor.invokeExecute(DriverCommandExecutor.java:200)
at org.openqa.selenium.remote.service.DriverCommandExecutor.execute(DriverCommandExecutor.java:175)
at org.openqa.selenium.remote.RemoteWebDriver.execute(RemoteWebDriver.java:607)
at org.openqa.selenium.remote.RemoteWebDriver.execute(RemoteWebDriver.java:680)
at org.openqa.selenium.remote.RemoteWebDriver.execute(RemoteWebDriver.java:684)
at org.openqa.selenium.remote.RemoteWebDriver.getScreenshotAs(RemoteWebDriver.java:330)
at com.parametrization.Rediff_Parametrization.tearDown(Rediff_Parametrization.java:59)
at java.base/java.util.ArrayList.forEach(ArrayList.java:1511)
... Removed 37 stack frames]]>
    </failure>
  </testcase> <!-- @AfterMethod tearDown -->
  <testcase classname="com.parametrization.Rediff_Parametrization" name="rediffLogin" time="17.941"/>
  <testcase classname="com.parametrization.Rediff_Parametrization" name="rediffLogout" time="93.286">
    <failure type="org.openqa.selenium.WebDriverException" message="unknown error: cannot determine loading status
from disconnected: unable to send message to renderer
  (Session info: chrome=119.0.6045.160)
Build info: version: &amp;apos;4.15.0&amp;apos;, revision: &amp;apos;1d14b5521b&amp;apos;
System info: os.name: &amp;apos;Windows 11&amp;apos;, os.arch: &amp;apos;amd64&amp;apos;, os.version: &amp;apos;10.0&amp;apos;, java.version: &amp;apos;18.0.2.1&amp;apos;
Driver info: org.openqa.selenium.chrome.ChromeDriver
Command: [411d24e0129dc8ba2fcb338a09c1b027, clickElement {id=5A6F329222720EBEC554F1F571EFF33D_element_66}]
Capabilities {acceptInsecureCerts: false, browserName: chrome, browserVersion: 119.0.6045.160, chrome: {chromedriverVersion: 119.0.6045.105 (38c72552c5e..., userDataDir: C:\Users\er_ta\AppData\Loca...}, fedcm:accounts: true, goog:chromeOptions: {debuggerAddress: localhost:50959}, networkConnectionEnabled: false, pageLoadStrategy: normal, platformName: windows, proxy: Proxy(), se:cdp: ws://localhost:50959/devtoo..., se:cdpVersion: 119.0.6045.160, setWindowRect: true, strictFileInteractability: false, timeouts: {implicit: 0, pageLoad: 300000, script: 30000}, unhandledPromptBehavior: dismiss and notify, webauthn:extension:credBlob: true, webauthn:extension:largeBlob: true, webauthn:extension:minPinLength: true, webauthn:extension:prf: true, webauthn:virtualAuthenticators: true}
Element: [[ChromeDriver: chrome on windows (411d24e0129dc8ba2fcb338a09c1b027)] -&amp;gt; link text: Logout]
Session ID: 411d24e0129dc8ba2fcb338a09c1b027">
      <![CDATA[org.openqa.selenium.WebDriverException: unknown error: cannot determine loading status
from disconnected: unable to send message to renderer
  (Session info: chrome=119.0.6045.160)
Build info: version: '4.15.0', revision: '1d14b5521b'
System info: os.name: 'Windows 11', os.arch: 'amd64', os.version: '10.0', java.version: '18.0.2.1'
Driver info: org.openqa.selenium.chrome.ChromeDriver
Command: [411d24e0129dc8ba2fcb338a09c1b027, clickElement {id=5A6F329222720EBEC554F1F571EFF33D_element_66}]
Capabilities {acceptInsecureCerts: false, browserName: chrome, browserVersion: 119.0.6045.160, chrome: {chromedriverVersion: 119.0.6045.105 (38c72552c5e..., userDataDir: C:\Users\er_ta\AppData\Loca...}, fedcm:accounts: true, goog:chromeOptions: {debuggerAddress: localhost:50959}, networkConnectionEnabled: false, pageLoadStrategy: normal, platformName: windows, proxy: Proxy(), se:cdp: ws://localhost:50959/devtoo..., se:cdpVersion: 119.0.6045.160, setWindowRect: true, strictFileInteractability: false, timeouts: {implicit: 0, pageLoad: 300000, script: 30000}, unhandledPromptBehavior: dismiss and notify, webauthn:extension:credBlob: true, webauthn:extension:largeBlob: true, webauthn:extension:minPinLength: true, webauthn:extension:prf: true, webauthn:virtualAuthenticators: true}
Element: [[ChromeDriver: chrome on windows (411d24e0129dc8ba2fcb338a09c1b027)] -> link text: Logout]
Session ID: 411d24e0129dc8ba2fcb338a09c1b027
at org.openqa.selenium.remote.codec.w3c.W3CHttpResponseCodec.createException(W3CHttpResponseCodec.java:200)
at org.openqa.selenium.remote.codec.w3c.W3CHttpResponseCodec.decode(W3CHttpResponseCodec.java:133)
at org.openqa.selenium.remote.codec.w3c.W3CHttpResponseCodec.decode(W3CHttpResponseCodec.java:52)
at org.openqa.selenium.remote.HttpCommandExecutor.execute(HttpCommandExecutor.java:191)
at org.openqa.selenium.remote.service.DriverCommandExecutor.invokeExecute(DriverCommandExecutor.java:200)
at org.openqa.selenium.remote.service.DriverCommandExecutor.execute(DriverCommandExecutor.java:175)
at org.openqa.selenium.remote.RemoteWebDriver.execute(RemoteWebDriver.java:607)
at org.openqa.selenium.remote.RemoteWebElement.execute(RemoteWebElement.java:224)
at org.openqa.selenium.remote.RemoteWebElement.click(RemoteWebElement.java:77)
at com.parametrization.Rediff_Parametrization.rediffLogout(Rediff_Parametrization.java:54)
at java.base/java.util.ArrayList.forEach(ArrayList.java:1511)
... Removed 32 stack frames]]>
    </failure>
  </testcase> <!-- rediffLogout -->
</testsuite> <!-- Rediff Para Test -->
