<?xml version="1.0" encoding="UTF-8"?>
<testng-results ignored="0" total="2" passed="2" failed="0" skipped="0">
  <reporter-output>
  </reporter-output>
  <suite started-at="2023-11-22T21:04:43Z" name="Rediff Para Suite" finished-at="2023-11-22T21:05:15Z" duration-ms="32352">
    <groups>
    </groups>
    <test started-at="2023-11-22T21:04:43Z" name="Rediff Para Test" finished-at="2023-11-22T21:05:15Z" duration-ms="32352">
      <class name="com.parametrization.Rediff_Parametrization">
        <test-method signature="rediffLogin(java.lang.String, java.lang.String, java.lang.String, java.lang.String, java.lang.String, java.lang.String)[pri:1, instance:com.parametrization.Rediff_Parametrization@62150f9e]" started-at="2023-11-22T14:04:43Z" name="rediffLogin" finished-at="2023-11-22T14:04:58Z" duration-ms="14854" status="PASS">
          <params>
            <param index="0">
              <value>
                <![CDATA[chrome]]>
              </value>
            </param>
            <param index="1">
              <value>
                <![CDATA[https://mail.rediff.com/cgi-bin/login.cgi]]>
              </value>
            </param>
            <param index="2">
              <value>
                <![CDATA[seleniumpanda@rediffmail.com]]>
              </value>
            </param>
            <param index="3">
              <value>
                <![CDATA[Selenium@123]]>
              </value>
            </param>
            <param index="4">
              <value>
                <![CDATA[login1]]>
              </value>
            </param>
            <param index="5">
              <value>
                <![CDATA[password]]>
              </value>
            </param>
          </params>
          <reporter-output>
          </reporter-output>
        </test-method> <!-- rediffLogin -->
        <test-method is-config="true" signature="tearDown(org.testng.ITestResult)[pri:0, instance:com.parametrization.Rediff_Parametrization@62150f9e]" started-at="2023-11-22T14:04:58Z" name="tearDown" finished-at="2023-11-22T14:04:58Z" duration-ms="364" status="PASS">
          <params>
            <param index="0">
              <value>
                <![CDATA[[TestResult name=rediffLogin status=SUCCESS method=Rediff_Parametrization.rediffLogin(java.lang.String, java.lang.String, java.lang.String, java.lang.String, java.lang.String, java.lang.String)[pri:1, instance:com.parametrization.Rediff_Parametrization@62150f9e] output={null}]]]>
              </value>
            </param>
          </params>
          <reporter-output>
          </reporter-output>
        </test-method> <!-- tearDown -->
        <test-method signature="rediffLogout(java.lang.String, java.lang.String, java.lang.String, java.lang.String, java.lang.String, java.lang.String)[pri:2, instance:com.parametrization.Rediff_Parametrization@62150f9e]" started-at="2023-11-22T14:04:58Z" name="rediffLogout" finished-at="2023-11-22T14:05:15Z" duration-ms="16796" status="PASS">
          <params>
            <param index="0">
              <value>
                <![CDATA[chrome]]>
              </value>
            </param>
            <param index="1">
              <value>
                <![CDATA[https://mail.rediff.com/cgi-bin/login.cgi]]>
              </value>
            </param>
            <param index="2">
              <value>
                <![CDATA[seleniumpanda@rediffmail.com]]>
              </value>
            </param>
            <param index="3">
              <value>
                <![CDATA[Selenium@123]]>
              </value>
            </param>
            <param index="4">
              <value>
                <![CDATA[login1]]>
              </value>
            </param>
            <param index="5">
              <value>
                <![CDATA[password]]>
              </value>
            </param>
          </params>
          <reporter-output>
          </reporter-output>
        </test-method> <!-- rediffLogout -->
        <test-method is-config="true" signature="tearDown(org.testng.ITestResult)[pri:0, instance:com.parametrization.Rediff_Parametrization@62150f9e]" started-at="2023-11-22T14:05:15Z" name="tearDown" finished-at="2023-11-22T14:05:15Z" duration-ms="318" status="PASS">
          <params>
            <param index="0">
              <value>
                <![CDATA[[TestResult name=rediffLogout status=SUCCESS method=Rediff_Parametrization.rediffLogout(java.lang.String, java.lang.String, java.lang.String, java.lang.String, java.lang.String, java.lang.String)[pri:2, instance:com.parametrization.Rediff_Parametrization@62150f9e] output={null}]]]>
              </value>
            </param>
          </params>
          <reporter-output>
          </reporter-output>
        </test-method> <!-- tearDown -->
      </class> <!-- com.parametrization.Rediff_Parametrization -->
    </test> <!-- Rediff Para Test -->
  </suite> <!-- Rediff Para Suite -->
</testng-results>
